<?xml version="1.0" encoding="UTF-8"?>
<testng-results skipped="0" failed="0" ignored="0" total="2" passed="2">
  <reporter-output>
  </reporter-output>
  <suite name="Default suite" duration-ms="619" started-at="2019-11-21T03:23:10Z" finished-at="2019-11-21T03:23:11Z">
    <groups>
    </groups>
    <test name="Default test" duration-ms="619" started-at="2019-11-21T03:23:10Z" finished-at="2019-11-21T03:23:11Z">
      <class name="httpClientTest.MyCookiesForPost">
        <test-method status="PASS" signature="BeforeTest()[pri:0, instance:httpClientTest.MyCookiesForPost@7c16905e]" name="BeforeTest" is-config="true" duration-ms="11" started-at="2019-11-21T11:23:10Z" finished-at="2019-11-21T11:23:10Z">
          <reporter-output>
          </reporter-output>
        </test-method> <!-- BeforeTest -->
        <test-method status="PASS" signature="getCookies()[pri:0, instance:httpClientTest.MyCookiesForPost@7c16905e]" name="getCookies" duration-ms="570" started-at="2019-11-21T11:23:10Z" finished-at="2019-11-21T11:23:11Z">
          <reporter-output>
          </reporter-output>
        </test-method> <!-- getCookies -->
        <test-method status="PASS" signature="sendPostWithCookies()[pri:0, instance:httpClientTest.MyCookiesForPost@7c16905e]" name="sendPostWithCookies" duration-ms="20" started-at="2019-11-21T11:23:11Z" depends-on-methods="httpClientTest.MyCookiesForPost.getCookies" finished-at="2019-11-21T11:23:11Z">
          <reporter-output>
          </reporter-output>
        </test-method> <!-- sendPostWithCookies -->
      </class> <!-- httpClientTest.MyCookiesForPost -->
    </test> <!-- Default test -->
  </suite> <!-- Default suite -->
</testng-results>
