<?xml version="1.0" encoding="UTF-8"?>
<testng-results skipped="0" failed="0" ignored="0" total="1" passed="1">
  <reporter-output>
  </reporter-output>
  <suite name="Default suite" duration-ms="570" started-at="2019-09-20T07:49:47Z" finished-at="2019-09-20T07:49:48Z">
    <groups>
    </groups>
    <test name="Default test" duration-ms="570" started-at="2019-09-20T07:49:47Z" finished-at="2019-09-20T07:49:48Z">
      <class name="httpClientTest.MyCookiesForGet">
        <test-method status="PASS" signature="beforeTest()[pri:0, instance:httpClientTest.MyCookiesForGet@d2cc05a]" name="beforeTest" is-config="true" duration-ms="15" started-at="2019-09-20T15:49:47Z" finished-at="2019-09-20T15:49:47Z">
          <reporter-output>
          </reporter-output>
        </test-method> <!-- beforeTest -->
        <test-method status="PASS" signature="testGetCookies()[pri:0, instance:httpClientTest.MyCookiesForGet@d2cc05a]" name="testGetCookies" duration-ms="516" started-at="2019-09-20T15:49:47Z" finished-at="2019-09-20T15:49:48Z">
          <reporter-output>
          </reporter-output>
        </test-method> <!-- testGetCookies -->
      </class> <!-- httpClientTest.MyCookiesForGet -->
    </test> <!-- Default test -->
  </suite> <!-- Default suite -->
</testng-results>
